2022-01-07 10:12:24,449 - root - INFO - ** Kedro project Kedro Tutorial
2022-01-07 10:12:24,450 - root - INFO - Defined global variable `context`, `session`, `catalog` and `pipelines`
2022-01-07 10:12:25,918 - root - INFO - Registered line magic `run_viz`
2022-01-07 10:12:33,670 - kedro.io.data_catalog - INFO - Loading data from `companies` (CSVDataSet)...
2022-01-07 10:13:54,444 - kedro.framework.session.store - INFO - `read()` not implemented for `BaseSessionStore`. Assuming empty store.
2022-01-07 10:13:54,489 - root - INFO - ** Kedro project Kedro Tutorial
2022-01-07 10:13:54,489 - root - INFO - Defined global variable `context`, `session`, `catalog` and `pipelines`
2022-01-07 10:13:54,504 - root - INFO - Registered line magic `run_viz`
2022-01-07 10:13:55,481 - kedro.io.data_catalog - INFO - Loading data from `shuttles` (ExcelDataSet)...
2022-01-07 10:14:12,021 - kedro.framework.session.store - INFO - `read()` not implemented for `BaseSessionStore`. Assuming empty store.
2022-01-07 10:14:12,065 - root - INFO - ** Kedro project Kedro Tutorial
2022-01-07 10:14:12,066 - root - INFO - Defined global variable `context`, `session`, `catalog` and `pipelines`
2022-01-07 10:14:12,081 - root - INFO - Registered line magic `run_viz`
2022-01-07 10:14:15,687 - kedro.io.data_catalog - INFO - Loading data from `shuttles` (ExcelDataSet)...
2022-01-07 10:14:26,031 - root - INFO - ** Kedro project Kedro Tutorial
2022-01-07 10:14:26,031 - root - INFO - Defined global variable `context`, `session`, `catalog` and `pipelines`
2022-01-07 10:14:27,472 - root - INFO - Registered line magic `run_viz`
2022-01-07 10:14:28,817 - kedro.io.data_catalog - INFO - Loading data from `shuttles` (ExcelDataSet)...
2022-01-07 10:15:40,839 - kedro.io.data_catalog - INFO - Loading data from `shuttles` (ExcelDataSet)...
2022-01-07 10:51:50,560 - kedro.framework.session.session - INFO - ** Kedro project kedro-tutorial
2022-01-07 10:51:50,681 - kedro.io.data_catalog - INFO - Loading data from `companies` (CSVDataSet)...
2022-01-07 10:51:50,726 - kedro.pipeline.node - INFO - Running node: preprocess_companies_node: preprocess_companies([companies]) -> [preprocessed_companies]
2022-01-07 10:51:50,777 - kedro.io.data_catalog - INFO - Saving data to `preprocessed_companies` (MemoryDataSet)...
2022-01-07 10:51:50,783 - kedro.runner.sequential_runner - INFO - Completed 1 out of 1 tasks
2022-01-07 10:51:50,784 - kedro.runner.sequential_runner - INFO - Pipeline execution completed successfully.
2022-01-07 10:51:50,784 - kedro.io.data_catalog - INFO - Loading data from `preprocessed_companies` (MemoryDataSet)...
2022-01-07 10:51:50,785 - kedro.framework.session.store - INFO - `save()` not implemented for `BaseSessionStore`. Skipping the step.
2022-01-07 10:53:45,018 - kedro.framework.session.session - INFO - ** Kedro project kedro-tutorial
2022-01-07 10:53:45,130 - kedro.io.data_catalog - INFO - Loading data from `companies` (CSVDataSet)...
2022-01-07 10:53:45,177 - kedro.pipeline.node - INFO - Running node: preprocess_companies_node: preprocess_companies([companies]) -> [preprocessed_companies]
2022-01-07 10:53:45,219 - kedro.io.data_catalog - INFO - Saving data to `preprocessed_companies` (MemoryDataSet)...
2022-01-07 10:53:45,223 - kedro.runner.sequential_runner - INFO - Completed 1 out of 2 tasks
2022-01-07 10:53:45,223 - kedro.io.data_catalog - INFO - Loading data from `shuttles` (ExcelDataSet)...
2022-01-07 10:53:54,338 - kedro.pipeline.node - INFO - Running node: preprocess_shuttles_node: preprocess_shuttles([shuttles]) -> [preprocessed_shuttles]
2022-01-07 10:53:54,450 - kedro.io.data_catalog - INFO - Saving data to `preprocessed_shuttles` (MemoryDataSet)...
2022-01-07 10:53:54,459 - kedro.runner.sequential_runner - INFO - Completed 2 out of 2 tasks
2022-01-07 10:53:54,459 - kedro.runner.sequential_runner - INFO - Pipeline execution completed successfully.
2022-01-07 10:53:54,459 - kedro.io.data_catalog - INFO - Loading data from `preprocessed_companies` (MemoryDataSet)...
2022-01-07 10:53:54,460 - kedro.io.data_catalog - INFO - Loading data from `preprocessed_shuttles` (MemoryDataSet)...
2022-01-07 10:53:54,463 - kedro.framework.session.store - INFO - `save()` not implemented for `BaseSessionStore`. Skipping the step.
2022-01-07 11:14:27,579 - kedro.framework.session.session - INFO - ** Kedro project kedro-tutorial
2022-01-07 11:14:27,591 - kedro.framework.session.store - INFO - `save()` not implemented for `BaseSessionStore`. Skipping the step.
2022-01-07 11:16:23,432 - kedro.framework.session.session - INFO - ** Kedro project kedro-tutorial
2022-01-07 11:16:23,440 - kedro.framework.session.store - INFO - `save()` not implemented for `BaseSessionStore`. Skipping the step.
2022-01-07 11:18:49,759 - kedro.framework.session.session - INFO - ** Kedro project kedro-tutorial
2022-01-07 11:18:49,765 - kedro.framework.session.store - INFO - `save()` not implemented for `BaseSessionStore`. Skipping the step.
2022-01-07 11:26:48,148 - kedro.framework.session.session - INFO - ** Kedro project kedro-tutorial
2022-01-07 11:26:48,273 - kedro.io.data_catalog - INFO - Loading data from `shuttles` (ExcelDataSet)...
2022-01-07 11:26:57,264 - kedro.pipeline.node - INFO - Running node: preprocess_shuttles_node: preprocess_shuttles([shuttles]) -> [preprocessed_shuttles]
2022-01-07 11:26:57,362 - kedro.io.data_catalog - INFO - Saving data to `preprocessed_shuttles` (CSVDataSet)...
2022-01-07 11:26:57,808 - kedro.runner.sequential_runner - INFO - Completed 1 out of 3 tasks
2022-01-07 11:26:57,809 - kedro.io.data_catalog - INFO - Loading data from `companies` (CSVDataSet)...
2022-01-07 11:26:57,847 - kedro.pipeline.node - INFO - Running node: preprocess_companies_node: preprocess_companies([companies]) -> [preprocessed_companies]
2022-01-07 11:26:57,885 - kedro.io.data_catalog - INFO - Saving data to `preprocessed_companies` (CSVDataSet)...
2022-01-07 11:26:58,113 - kedro.runner.sequential_runner - INFO - Completed 2 out of 3 tasks
2022-01-07 11:26:58,113 - kedro.io.data_catalog - INFO - Loading data from `preprocessed_shuttles` (CSVDataSet)...
2022-01-07 11:26:58,221 - kedro.io.data_catalog - INFO - Loading data from `preprocessed_companies` (CSVDataSet)...
2022-01-07 11:26:58,260 - kedro.io.data_catalog - INFO - Loading data from `reviews` (CSVDataSet)...
2022-01-07 11:26:58,333 - kedro.pipeline.node - INFO - Running node: create_model_input_table_node: create_model_input_table([preprocessed_shuttles,preprocessed_companies,reviews]) -> [model_input_table]
2022-01-07 11:27:00,330 - kedro.io.data_catalog - INFO - Saving data to `model_input_table` (CSVDataSet)...
2022-01-07 11:27:08,652 - kedro.runner.sequential_runner - INFO - Completed 3 out of 3 tasks
2022-01-07 11:27:08,652 - kedro.runner.sequential_runner - INFO - Pipeline execution completed successfully.
2022-01-07 11:27:08,652 - kedro.framework.session.store - INFO - `save()` not implemented for `BaseSessionStore`. Skipping the step.
2022-01-07 11:36:43,696 - kedro.framework.session.session - INFO - ** Kedro project kedro-tutorial
2022-01-07 11:37:01,193 - kedro.io.data_catalog - INFO - Loading data from `companies` (CSVDataSet)...
2022-01-07 11:37:01,228 - kedro.pipeline.node - INFO - Running node: preprocess_companies_node: preprocess_companies([companies]) -> [preprocessed_companies]
2022-01-07 11:37:01,268 - kedro.io.data_catalog - INFO - Saving data to `preprocessed_companies` (CSVDataSet)...
2022-01-07 11:37:01,490 - kedro.runner.sequential_runner - INFO - Completed 1 out of 6 tasks
2022-01-07 11:37:01,490 - kedro.io.data_catalog - INFO - Loading data from `shuttles` (ExcelDataSet)...
2022-01-07 11:37:11,180 - kedro.pipeline.node - INFO - Running node: preprocess_shuttles_node: preprocess_shuttles([shuttles]) -> [preprocessed_shuttles]
2022-01-07 11:37:11,272 - kedro.io.data_catalog - INFO - Saving data to `preprocessed_shuttles` (CSVDataSet)...
2022-01-07 11:37:11,683 - kedro.runner.sequential_runner - INFO - Completed 2 out of 6 tasks
2022-01-07 11:37:11,683 - kedro.io.data_catalog - INFO - Loading data from `preprocessed_shuttles` (CSVDataSet)...
2022-01-07 11:37:11,798 - kedro.io.data_catalog - INFO - Loading data from `preprocessed_companies` (CSVDataSet)...
2022-01-07 11:37:11,839 - kedro.io.data_catalog - INFO - Loading data from `reviews` (CSVDataSet)...
2022-01-07 11:37:11,913 - kedro.pipeline.node - INFO - Running node: create_model_input_table_node: create_model_input_table([preprocessed_shuttles,preprocessed_companies,reviews]) -> [model_input_table]
2022-01-07 11:37:13,933 - kedro.io.data_catalog - INFO - Saving data to `model_input_table` (CSVDataSet)...
2022-01-07 11:37:22,266 - kedro.runner.sequential_runner - INFO - Completed 3 out of 6 tasks
2022-01-07 11:37:22,267 - kedro.io.data_catalog - INFO - Loading data from `model_input_table` (CSVDataSet)...
2022-01-07 11:37:24,082 - kedro.io.data_catalog - INFO - Loading data from `parameters` (MemoryDataSet)...
2022-01-07 11:37:24,082 - kedro.pipeline.node - INFO - Running node: split_data_node: split_data([model_input_table,parameters]) -> [X_train,X_test,y_train,y_test]
2022-01-07 11:37:24,082 - kedro.pipeline.node - ERROR - Node `split_data_node: split_data([model_input_table,parameters]) -> [X_train,X_test,y_train,y_test]` failed with error: 
'features'
2022-01-07 11:37:24,084 - kedro.runner.sequential_runner - WARNING - There are 3 nodes that have not run.
You can resume the pipeline run by adding the following argument to your previous command:
  --from-nodes "split_data_node"
2022-01-07 11:37:24,087 - kedro.framework.session.store - INFO - `save()` not implemented for `BaseSessionStore`. Skipping the step.
2022-01-07 11:45:44,766 - kedro.framework.session.session - INFO - ** Kedro project kedro-tutorial
2022-01-07 11:45:45,510 - kedro.io.data_catalog - INFO - Loading data from `companies` (CSVDataSet)...
2022-01-07 11:45:45,545 - kedro.pipeline.node - INFO - Running node: preprocess_companies_node: preprocess_companies([companies]) -> [preprocessed_companies]
2022-01-07 11:45:45,577 - kedro.io.data_catalog - INFO - Saving data to `preprocessed_companies` (CSVDataSet)...
2022-01-07 11:45:45,820 - kedro.runner.sequential_runner - INFO - Completed 1 out of 6 tasks
2022-01-07 11:45:45,820 - kedro.io.data_catalog - INFO - Loading data from `shuttles` (ExcelDataSet)...
2022-01-07 11:45:55,802 - kedro.pipeline.node - INFO - Running node: preprocess_shuttles_node: preprocess_shuttles([shuttles]) -> [preprocessed_shuttles]
2022-01-07 11:45:55,913 - kedro.io.data_catalog - INFO - Saving data to `preprocessed_shuttles` (CSVDataSet)...
2022-01-07 11:45:56,379 - kedro.runner.sequential_runner - INFO - Completed 2 out of 6 tasks
2022-01-07 11:45:56,379 - kedro.io.data_catalog - INFO - Loading data from `preprocessed_shuttles` (CSVDataSet)...
2022-01-07 11:45:56,488 - kedro.io.data_catalog - INFO - Loading data from `preprocessed_companies` (CSVDataSet)...
2022-01-07 11:45:56,530 - kedro.io.data_catalog - INFO - Loading data from `reviews` (CSVDataSet)...
2022-01-07 11:45:56,608 - kedro.pipeline.node - INFO - Running node: create_model_input_table_node: create_model_input_table([preprocessed_shuttles,preprocessed_companies,reviews]) -> [model_input_table]
2022-01-07 11:45:58,812 - kedro.io.data_catalog - INFO - Saving data to `model_input_table` (CSVDataSet)...
2022-01-07 11:46:07,585 - kedro.runner.sequential_runner - INFO - Completed 3 out of 6 tasks
2022-01-07 11:46:07,585 - kedro.io.data_catalog - INFO - Loading data from `model_input_table` (CSVDataSet)...
2022-01-07 11:46:09,731 - kedro.io.data_catalog - INFO - Loading data from `parameters` (MemoryDataSet)...
2022-01-07 11:46:09,731 - kedro.pipeline.node - INFO - Running node: split_data_node: split_data([model_input_table,parameters]) -> [X_train,X_test,y_train,y_test]
2022-01-07 11:46:09,733 - kedro.pipeline.node - ERROR - Node `split_data_node: split_data([model_input_table,parameters]) -> [X_train,X_test,y_train,y_test]` failed with error: 
"['review_scores_ratings'] not in index"
2022-01-07 11:46:09,735 - kedro.runner.sequential_runner - WARNING - There are 3 nodes that have not run.
You can resume the pipeline run by adding the following argument to your previous command:
  --from-nodes "split_data_node"
2022-01-07 11:46:09,741 - kedro.framework.session.store - INFO - `save()` not implemented for `BaseSessionStore`. Skipping the step.
2022-01-07 11:47:06,954 - kedro.framework.session.session - INFO - ** Kedro project kedro-tutorial
2022-01-07 11:47:07,549 - kedro.io.data_catalog - INFO - Loading data from `companies` (CSVDataSet)...
2022-01-07 11:47:07,584 - kedro.pipeline.node - INFO - Running node: preprocess_companies_node: preprocess_companies([companies]) -> [preprocessed_companies]
2022-01-07 11:47:07,618 - kedro.io.data_catalog - INFO - Saving data to `preprocessed_companies` (CSVDataSet)...
2022-01-07 11:47:07,845 - kedro.runner.sequential_runner - INFO - Completed 1 out of 6 tasks
2022-01-07 11:47:07,845 - kedro.io.data_catalog - INFO - Loading data from `shuttles` (ExcelDataSet)...
2022-01-07 11:47:17,813 - kedro.pipeline.node - INFO - Running node: preprocess_shuttles_node: preprocess_shuttles([shuttles]) -> [preprocessed_shuttles]
2022-01-07 11:47:17,905 - kedro.io.data_catalog - INFO - Saving data to `preprocessed_shuttles` (CSVDataSet)...
2022-01-07 11:47:18,343 - kedro.runner.sequential_runner - INFO - Completed 2 out of 6 tasks
2022-01-07 11:47:18,343 - kedro.io.data_catalog - INFO - Loading data from `preprocessed_shuttles` (CSVDataSet)...
2022-01-07 11:47:18,453 - kedro.io.data_catalog - INFO - Loading data from `preprocessed_companies` (CSVDataSet)...
2022-01-07 11:47:18,495 - kedro.io.data_catalog - INFO - Loading data from `reviews` (CSVDataSet)...
2022-01-07 11:47:18,568 - kedro.pipeline.node - INFO - Running node: create_model_input_table_node: create_model_input_table([preprocessed_shuttles,preprocessed_companies,reviews]) -> [model_input_table]
2022-01-07 11:47:20,414 - kedro.io.data_catalog - INFO - Saving data to `model_input_table` (CSVDataSet)...
2022-01-07 11:47:29,437 - kedro.runner.sequential_runner - INFO - Completed 3 out of 6 tasks
2022-01-07 11:47:29,437 - kedro.io.data_catalog - INFO - Loading data from `model_input_table` (CSVDataSet)...
2022-01-07 11:47:31,423 - kedro.io.data_catalog - INFO - Loading data from `parameters` (MemoryDataSet)...
2022-01-07 11:47:31,423 - kedro.pipeline.node - INFO - Running node: split_data_node: split_data([model_input_table,parameters]) -> [X_train,X_test,y_train,y_test]
2022-01-07 11:47:31,532 - kedro.io.data_catalog - INFO - Saving data to `X_train` (MemoryDataSet)...
2022-01-07 11:47:31,538 - kedro.io.data_catalog - INFO - Saving data to `X_test` (MemoryDataSet)...
2022-01-07 11:47:31,540 - kedro.io.data_catalog - INFO - Saving data to `y_train` (MemoryDataSet)...
2022-01-07 11:47:31,541 - kedro.io.data_catalog - INFO - Saving data to `y_test` (MemoryDataSet)...
2022-01-07 11:47:31,573 - kedro.runner.sequential_runner - INFO - Completed 4 out of 6 tasks
2022-01-07 11:47:31,573 - kedro.io.data_catalog - INFO - Loading data from `X_train` (MemoryDataSet)...
2022-01-07 11:47:31,578 - kedro.io.data_catalog - INFO - Loading data from `y_train` (MemoryDataSet)...
2022-01-07 11:47:31,579 - kedro.pipeline.node - INFO - Running node: train_model_node: train_model([X_train,y_train]) -> [regressor]
2022-01-07 11:47:32,057 - kedro.io.data_catalog - INFO - Saving data to `regressor` (PickleDataSet)...
2022-01-07 11:47:32,068 - kedro.runner.sequential_runner - INFO - Completed 5 out of 6 tasks
2022-01-07 11:47:32,068 - kedro.io.data_catalog - INFO - Loading data from `regressor` (PickleDataSet)...
2022-01-07 11:47:32,069 - kedro.io.data_catalog - INFO - Loading data from `X_test` (MemoryDataSet)...
2022-01-07 11:47:32,070 - kedro.io.data_catalog - INFO - Loading data from `y_test` (MemoryDataSet)...
2022-01-07 11:47:32,071 - kedro.pipeline.node - INFO - Running node: evaluate_model_node: evaluate_model([regressor,X_test,y_test]) -> None
2022-01-07 11:47:32,188 - kedro_tutorial.pipelines.data_science.nodes - INFO - Model has a coefficient R^2 of 0.462 on test data.
2022-01-07 11:47:32,192 - kedro.runner.sequential_runner - INFO - Completed 6 out of 6 tasks
2022-01-07 11:47:32,192 - kedro.runner.sequential_runner - INFO - Pipeline execution completed successfully.
2022-01-07 11:47:32,192 - kedro.framework.session.store - INFO - `save()` not implemented for `BaseSessionStore`. Skipping the step.
2022-01-07 15:01:35,397 - kedro.framework.session.session - INFO - ** Kedro project kedro-tutorial
2022-01-07 15:01:36,240 - kedro.io.data_catalog - INFO - Loading data from `companies` (CSVDataSet)...
2022-01-07 15:01:36,282 - kedro.pipeline.node - INFO - Running node: preprocess_companies_node: preprocess_companies([companies]) -> [preprocessed_companies]
2022-01-07 15:01:36,334 - kedro.io.data_catalog - INFO - Saving data to `preprocessed_companies` (CSVDataSet)...
2022-01-07 15:01:36,560 - kedro.runner.sequential_runner - INFO - Completed 1 out of 6 tasks
2022-01-07 15:01:36,560 - kedro.io.data_catalog - INFO - Loading data from `shuttles` (ExcelDataSet)...
2022-01-07 15:01:45,553 - kedro.pipeline.node - INFO - Running node: preprocess_shuttles_node: preprocess_shuttles([shuttles]) -> [preprocessed_shuttles]
2022-01-07 15:01:45,639 - kedro.io.data_catalog - INFO - Saving data to `preprocessed_shuttles` (CSVDataSet)...
2022-01-07 15:01:46,043 - kedro.runner.sequential_runner - INFO - Completed 2 out of 6 tasks
2022-01-07 15:01:46,043 - kedro.io.data_catalog - INFO - Loading data from `preprocessed_shuttles` (CSVDataSet)...
2022-01-07 15:01:46,147 - kedro.io.data_catalog - INFO - Loading data from `preprocessed_companies` (CSVDataSet)...
2022-01-07 15:01:46,189 - kedro.io.data_catalog - INFO - Loading data from `reviews` (CSVDataSet)...
2022-01-07 15:01:46,257 - kedro.pipeline.node - INFO - Running node: create_model_input_table_node: create_model_input_table([preprocessed_shuttles,preprocessed_companies,reviews]) -> [model_input_table]
2022-01-07 15:01:48,281 - kedro.io.data_catalog - INFO - Saving data to `model_input_table` (CSVDataSet)...
2022-01-07 15:01:56,522 - kedro.runner.sequential_runner - INFO - Completed 3 out of 6 tasks
2022-01-07 15:01:56,523 - kedro.io.data_catalog - INFO - Loading data from `model_input_table` (CSVDataSet)...
2022-01-07 15:01:58,413 - kedro.io.data_catalog - INFO - Loading data from `parameters` (MemoryDataSet)...
2022-01-07 15:01:58,413 - kedro.pipeline.node - INFO - Running node: split_data_node: split_data([model_input_table,parameters]) -> [X_train,X_test,y_train,y_test]
2022-01-07 15:01:58,532 - kedro.io.data_catalog - INFO - Saving data to `X_train` (MemoryDataSet)...
2022-01-07 15:01:58,537 - kedro.io.data_catalog - INFO - Saving data to `X_test` (MemoryDataSet)...
2022-01-07 15:01:58,539 - kedro.io.data_catalog - INFO - Saving data to `y_train` (MemoryDataSet)...
2022-01-07 15:01:58,541 - kedro.io.data_catalog - INFO - Saving data to `y_test` (MemoryDataSet)...
2022-01-07 15:01:58,571 - kedro.runner.sequential_runner - INFO - Completed 4 out of 6 tasks
2022-01-07 15:01:58,571 - kedro.io.data_catalog - INFO - Loading data from `X_train` (MemoryDataSet)...
2022-01-07 15:01:58,576 - kedro.io.data_catalog - INFO - Loading data from `y_train` (MemoryDataSet)...
2022-01-07 15:01:58,577 - kedro.pipeline.node - INFO - Running node: train_model_node: train_model([X_train,y_train]) -> [regressor]
2022-01-07 15:01:59,075 - kedro.io.data_catalog - INFO - Saving data to `regressor` (PickleDataSet)...
2022-01-07 15:01:59,086 - kedro.runner.sequential_runner - INFO - Completed 5 out of 6 tasks
2022-01-07 15:01:59,086 - kedro.io.data_catalog - INFO - Loading data from `regressor` (PickleDataSet)...
2022-01-07 15:01:59,087 - kedro.io.data_catalog - INFO - Loading data from `X_test` (MemoryDataSet)...
2022-01-07 15:01:59,088 - kedro.io.data_catalog - INFO - Loading data from `y_test` (MemoryDataSet)...
2022-01-07 15:01:59,088 - kedro.pipeline.node - INFO - Running node: evaluate_model_node: evaluate_model([regressor,X_test,y_test]) -> None
2022-01-07 15:01:59,186 - kedro_tutorial.pipelines.data_science.nodes - INFO - Model has a coefficient R^2 of 0.462 on test data.
2022-01-07 15:01:59,189 - kedro.runner.sequential_runner - INFO - Completed 6 out of 6 tasks
2022-01-07 15:01:59,189 - kedro.runner.sequential_runner - INFO - Pipeline execution completed successfully.
2022-01-07 15:01:59,190 - kedro.framework.session.store - INFO - `save()` not implemented for `BaseSessionStore`. Skipping the step.
2022-01-07 16:04:30,203 - kedro.framework.session.session - INFO - ** Kedro project kedro-tutorial
2022-01-07 16:04:31,070 - kedro.io.data_catalog - INFO - Loading data from `shuttles` (ExcelDataSet)...
2022-01-07 16:04:41,617 - kedro.pipeline.node - INFO - Running node: preprocess_shuttles_node: preprocess_shuttles([shuttles]) -> [preprocessed_shuttles]
2022-01-07 16:04:41,718 - kedro.io.data_catalog - INFO - Saving data to `preprocessed_shuttles` (CSVDataSet)...
2022-01-07 16:04:42,250 - kedro.runner.sequential_runner - INFO - Completed 1 out of 6 tasks
2022-01-07 16:04:42,250 - kedro.io.data_catalog - INFO - Loading data from `companies` (CSVDataSet)...
2022-01-07 16:04:42,285 - kedro.pipeline.node - INFO - Running node: preprocess_companies_node: preprocess_companies([companies]) -> [preprocessed_companies]
2022-01-07 16:04:42,324 - kedro.io.data_catalog - INFO - Saving data to `preprocessed_companies` (CSVDataSet)...
2022-01-07 16:04:42,567 - kedro.runner.sequential_runner - INFO - Completed 2 out of 6 tasks
2022-01-07 16:04:42,567 - kedro.io.data_catalog - INFO - Loading data from `preprocessed_shuttles` (CSVDataSet)...
2022-01-07 16:04:42,666 - kedro.io.data_catalog - INFO - Loading data from `preprocessed_companies` (CSVDataSet)...
2022-01-07 16:04:42,702 - kedro.io.data_catalog - INFO - Loading data from `reviews` (CSVDataSet)...
2022-01-07 16:04:42,784 - kedro.pipeline.node - INFO - Running node: create_model_input_table_node: create_model_input_table([preprocessed_shuttles,preprocessed_companies,reviews]) -> [model_input_table]
2022-01-07 16:04:44,999 - kedro.io.data_catalog - INFO - Saving data to `model_input_table` (CSVDataSet)...
2022-01-07 16:04:54,573 - kedro.runner.sequential_runner - INFO - Completed 3 out of 6 tasks
2022-01-07 16:04:54,573 - kedro.io.data_catalog - INFO - Loading data from `model_input_table` (CSVDataSet)...
2022-01-07 16:04:57,116 - kedro.io.data_catalog - INFO - Loading data from `parameters` (MemoryDataSet)...
2022-01-07 16:04:57,117 - kedro.pipeline.node - INFO - Running node: split_data_node: split_data([model_input_table,parameters]) -> [X_train,X_test,y_train,y_test]
2022-01-07 16:04:57,247 - kedro.io.data_catalog - INFO - Saving data to `X_train` (MemoryDataSet)...
2022-01-07 16:04:57,253 - kedro.io.data_catalog - INFO - Saving data to `X_test` (MemoryDataSet)...
2022-01-07 16:04:57,255 - kedro.io.data_catalog - INFO - Saving data to `y_train` (MemoryDataSet)...
2022-01-07 16:04:57,256 - kedro.io.data_catalog - INFO - Saving data to `y_test` (MemoryDataSet)...
2022-01-07 16:04:57,289 - kedro.runner.sequential_runner - INFO - Completed 4 out of 6 tasks
2022-01-07 16:04:57,290 - kedro.io.data_catalog - INFO - Loading data from `X_train` (MemoryDataSet)...
2022-01-07 16:04:57,295 - kedro.io.data_catalog - INFO - Loading data from `y_train` (MemoryDataSet)...
2022-01-07 16:04:57,297 - kedro.pipeline.node - INFO - Running node: train_model_node: train_model([X_train,y_train]) -> [regressor]
2022-01-07 16:04:57,781 - kedro.io.data_catalog - INFO - Saving data to `regressor` (PickleDataSet)...
2022-01-07 16:04:57,791 - kedro.runner.sequential_runner - INFO - Completed 5 out of 6 tasks
2022-01-07 16:04:57,791 - kedro.io.data_catalog - INFO - Loading data from `regressor` (PickleDataSet)...
2022-01-07 16:04:57,792 - kedro.io.data_catalog - INFO - Loading data from `X_test` (MemoryDataSet)...
2022-01-07 16:04:57,793 - kedro.io.data_catalog - INFO - Loading data from `y_test` (MemoryDataSet)...
2022-01-07 16:04:57,794 - kedro.pipeline.node - INFO - Running node: evaluate_model_node: evaluate_model([regressor,X_test,y_test]) -> None
2022-01-07 16:04:57,899 - kedro_tutorial.pipelines.data_science.nodes - INFO - Model has a coefficient R^2 of 0.462 on test data.
2022-01-07 16:04:57,903 - kedro.runner.sequential_runner - INFO - Completed 6 out of 6 tasks
2022-01-07 16:04:57,903 - kedro.runner.sequential_runner - INFO - Pipeline execution completed successfully.
2022-01-07 16:04:57,903 - kedro.framework.session.store - INFO - `save()` not implemented for `BaseSessionStore`. Skipping the step.
